#-----------------------------------------------------------
# Vivado v2014.3.1 (64-bit)
# SW Build 1056140 on Thu Oct 30 17:03:40 MDT 2014
# IP Build 1028902 on Fri Sep 26 17:35:13 MDT 2014
# Start of session at: Wed May 09 23:34:46 2018
# Process ID: 2920
# Log file: C:/Users/adrianrodriguezrodri/Desktop/mini-project/pong/vivado.log
# Journal file: C:/Users/adrianrodriguezrodri/Desktop/mini-project/pong\vivado.jou
#-----------------------------------------------------------
start_gui
open_project C:/Users/adrianrodriguezrodri/Desktop/mini-project/pong/pong.xpr
Scanning sources...
Finished scanning sources
INFO: [IP_Flow 19-234] Refreshing IP repositories
INFO: [IP_Flow 19-1700] Loaded user IP repository 'c:/users/adrianrodriguezrodri/desktop/mini-project/zybo-vga-master'.
INFO: [IP_Flow 19-2313] Loaded Vivado IP repository 'C:/Xilinx/Vivado/2014.3.1/data/ip'.
open_project: Time (s): cpu = 00:00:45 ; elapsed = 00:00:22 . Memory (MB): peak = 795.820 ; gain = 264.324
reset_run impl_1 -prev_step 
launch_runs impl_1 -to_step write_bitstream
[Wed May 09 23:35:23 2018] Launched impl_1...
Run output will be captured here: C:/Users/adrianrodriguezrodri/Desktop/mini-project/pong/pong.runs/impl_1/runme.log
file mkdir C:/Users/adrianrodriguezrodri/Desktop/mini-project/pong/pong.sdk
file copy -force C:/Users/adrianrodriguezrodri/Desktop/mini-project/pong/pong.runs/impl_1/design_1_wrapper.sysdef C:/Users/adrianrodriguezrodri/Desktop/mini-project/pong/pong.sdk/design_1_wrapper.hdf

launch_sdk -workspace C:/Users/adrianrodriguezrodri/Desktop/mini-project/pong/pong.sdk -hwspec C:/Users/adrianrodriguezrodri/Desktop/mini-project/pong/pong.sdk/design_1_wrapper.hdf
INFO: [Vivado 12-393] Launching SDK...
INFO: [Vivado 12-417] Running xsdk -workspace C:/Users/adrianrodriguezrodri/Desktop/mini-project/pong/pong.sdk -hwspec C:/Users/adrianrodriguezrodri/Desktop/mini-project/pong/pong.sdk/design_1_wrapper.hdf
INFO: [Vivado 12-3157] SDK launch initiated. Please check console for any further messages.
launch_sdk -workspace C:/Users/adrianrodriguezrodri/Desktop/mini-project/pong/pong.sdk -hwspec C:/Users/adrianrodriguezrodri/Desktop/mini-project/pong/pong.sdk/design_1_wrapper.hdf
INFO: [Vivado 12-393] Launching SDK...
INFO: [Vivado 12-417] Running xsdk -workspace C:/Users/adrianrodriguezrodri/Desktop/mini-project/pong/pong.sdk -hwspec C:/Users/adrianrodriguezrodri/Desktop/mini-project/pong/pong.sdk/design_1_wrapper.hdf
INFO: [Vivado 12-3157] SDK launch initiated. Please check console for any further messages.
exit
INFO: [Common 17-206] Exiting Vivado at Wed May 09 23:42:06 2018...
